Start testing: Sep 26 21:58 +07
----------------------------------------------------------
1/99 Testing: benchmark
1/99 Test: benchmark
Command: "/home/nguyenduccanh/shellmap_project/smoframework/build-test/_deps/benchmark-build/test/benchmark_test" "--benchmark_min_time=0.01s"
Directory: /home/nguyenduccanh/shellmap_project/smoframework/build-test/_deps/benchmark-build/test
"benchmark" start time: Sep 26 21:58 +07
Output:
----------------------------------------------------------
2026-09-26T21:58:46+07:00
Running /home/nguyenduccanh/shellmap_project/smoframework/build-test/_deps/benchmark-build/test/benchmark_test
Run on (4 X 1700 MHz CPU s)
CPU Caches:
  L1 Data 32 KiB (x2)
  L1 Instruction 32 KiB (x2)
  L2 Unified 256 KiB (x2)
  L3 Unified 3072 KiB (x1)
Load Average: 4.41, 3.34, 3.09
***WARNING*** CPU scaling is enabled, the benchmark real time measurements may be noisy and will incur extra overhead.
-----------------------------------------------------------------------------------
Benchmark                                         Time             CPU   Iterations
-----------------------------------------------------------------------------------
BM_Factorial                                  0.000 ns        0.000 ns   1000000000 40320
BM_Factorial/real_time                        0.000 ns        0.000 ns   1000000000 40320
BM_CalculatePiRange/1                          6.52 ns         6.51 ns      2335262 0
BM_CalculatePiRange/8                          61.9 ns         61.1 ns       228001 3.28374
BM_CalculatePiRange/64                          532 ns          532 ns        26175 3.15746
BM_CalculatePiRange/512                        4266 ns         4262 ns         3270 3.14355
BM_CalculatePiRange/4096                      36236 ns        35121 ns          390 3.14184
BM_CalculatePiRange/32768                    280516 ns       280240 ns           50 3.14162
BM_CalculatePiRange/262144                  2235144 ns      2235544 ns            6 3.1416
BM_CalculatePiRange/1048576                 8934651 ns      8936165 ns            2 3.14159
BM_CalculatePi/threads:8                       1818 ns        12809 ns         1152
BM_CalculatePi/threads:1                       8586 ns         8577 ns         1630
BM_CalculatePi/threads:2                       4414 ns         8775 ns         1608
BM_CalculatePi/threads:4                       4267 ns        16978 ns         1608
BM_CalculatePi/threads:8                       2144 ns         9177 ns         1136
BM_CalculatePi/threads:16                      1499 ns        13396 ns         1584
BM_CalculatePi/threads:32                       673 ns        16108 ns         1600
BM_CalculatePi/threads:4                       4104 ns        12806 ns         1008
BM_SetInsert/1024/128                         34725 ns        34503 ns          362 bytes_per_second=14.1519Mi/s items_per_second=3.70983M/s
BM_SetInsert/4096/128                         39541 ns        38986 ns          325 bytes_per_second=12.5244Mi/s items_per_second=3.2832M/s
BM_SetInsert/8192/128                         43673 ns        43004 ns          334 bytes_per_second=11.3544Mi/s items_per_second=2.9765M/s
BM_SetInsert/1024/512                        146947 ns       146836 ns          121 bytes_per_second=13.3014Mi/s items_per_second=3.48689M/s
BM_SetInsert/4096/512                        160095 ns       159858 ns          106 bytes_per_second=12.2179Mi/s items_per_second=3.20284M/s
BM_SetInsert/8192/512                        177527 ns       176709 ns           87 bytes_per_second=11.0528Mi/s items_per_second=2.89742M/s
BM_Sequential<std::vector<int>,int>/1         0.595 ns        0.595 ns     23449483 bytes_per_second=6.26259Gi/s items_per_second=1.6811G/s
BM_Sequential<std::vector<int>,int>/8           158 ns          158 ns        90952 bytes_per_second=193.727Mi/s items_per_second=50.7844M/s
BM_Sequential<std::vector<int>,int>/64          467 ns          468 ns        42475 bytes_per_second=522.205Mi/s items_per_second=136.893M/s
BM_Sequential<std::vector<int>,int>/512        1379 ns         1379 ns         8255 bytes_per_second=1.3832Gi/s items_per_second=371.3M/s
BM_Sequential<std::vector<int>,int>/1024       2057 ns         2057 ns         8729 bytes_per_second=1.85419Gi/s items_per_second=497.73M/s
BM_Sequential<std::list<int>>/1                2.99 ns         2.99 ns      4810132 bytes_per_second=1.24487Gi/s items_per_second=334.168M/s
BM_Sequential<std::list<int>>/8                 294 ns          294 ns        62639 bytes_per_second=103.801Mi/s items_per_second=27.2109M/s
BM_Sequential<std::list<int>>/64               6050 ns         6051 ns         2250 bytes_per_second=40.3457Mi/s items_per_second=10.5764M/s
BM_Sequential<std::list<int>>/512             49020 ns        49026 ns          315 bytes_per_second=39.8388Mi/s items_per_second=10.4435M/s
BM_Sequential<std::list<int>>/1024           106814 ns       106702 ns          184 bytes_per_second=36.609Mi/s items_per_second=9.59682M/s
BM_Sequential<std::vector<int>, int>/512       1206 ns         1206 ns         8613 bytes_per_second=1.58097Gi/s items_per_second=424.389M/s
BM_StringCompare/1                             9.54 ns         9.54 ns      2119160
BM_StringCompare/8                             12.2 ns         12.2 ns      1000000
BM_StringCompare/64                            9.10 ns         9.10 ns      1951456
BM_StringCompare/512                           33.6 ns         33.6 ns       417372
BM_StringCompare/4096                           104 ns          104 ns       131976
BM_StringCompare/32768                         1970 ns         1971 ns         8737
BM_StringCompare/262144                       30441 ns        30443 ns          420
BM_StringCompare/1048576                     125486 ns       125502 ns          107
BM_SetupTeardown/threads:4                      224 ns          557 ns        42712
BM_LongTest/65536                            195935 ns       195708 ns           71
BM_LongTest/262144                           821205 ns       821354 ns           17
BM_LongTest/2097152                         6295096 ns      6296466 ns            2
BM_LongTest/16777216                       52244082 ns     52246454 ns            1
BM_LongTest/134217728                     417185631 ns    417005142 ns            1
BM_LongTest/268435456                     846498515 ns    846194045 ns            1
BM_ParallelMemset/10485760/threads:1        5727162 ns      5727457 ns            4
BM_ParallelMemset/10485760/threads:2        1184746 ns      2366651 ns            6
BM_ParallelMemset/10485760/threads:4         645461 ns      1692553 ns            8
BM_ManualTiming/1/real_time                   74273 ns         6813 ns          223 items_per_second=13.4638k/s
BM_ManualTiming/8/real_time                   66815 ns         6017 ns          216 items_per_second=119.733k/s
BM_ManualTiming/64/real_time                 143796 ns         7082 ns          113 items_per_second=445.076k/s
BM_ManualTiming/512/real_time                657089 ns        14939 ns           24 items_per_second=779.194k/s
BM_ManualTiming/4096/real_time              4162638 ns        13843 ns            3 items_per_second=983.991k/s
BM_ManualTiming/16384/real_time            16480301 ns        41635 ns            1 items_per_second=994.157k/s
BM_ManualTiming/1/manual_time                 60688 ns         5191 ns          227 items_per_second=16.4777k/s
BM_ManualTiming/8/manual_time                 67073 ns         8950 ns          211 items_per_second=119.273k/s
BM_ManualTiming/64/manual_time               146546 ns         6343 ns          110 items_per_second=436.722k/s
BM_ManualTiming/512/manual_time              584415 ns        12710 ns           24 items_per_second=876.09k/s
BM_ManualTiming/4096/manual_time            4176746 ns        20141 ns            3 items_per_second=980.668k/s
BM_ManualTiming/16384/manual_time          16456029 ns        26194 ns            1 items_per_second=995.623k/s
BM_with_args/int_test                         0.000 ns        0.000 ns   1000000000
BM_with_args/string_and_pair_test             0.000 ns        0.000 ns   1000000000
BM_non_template_args/basic_test               0.768 ns        0.765 ns     21175494
BM_DenseThreadRanges/1/threads:1              0.990 ns        0.989 ns     23254887
BM_DenseThreadRanges/1/threads:2              0.426 ns        0.849 ns     15797682
BM_DenseThreadRanges/1/threads:3              0.309 ns        0.800 ns     16042767
BM_DenseThreadRanges/2/threads:1              0.815 ns        0.814 ns     17919571
BM_DenseThreadRanges/2/threads:3              0.485 ns         1.03 ns     12412662
BM_DenseThreadRanges/2/threads:4              0.276 ns         1.01 ns     12991844
BM_DenseThreadRanges/3/threads:5              0.287 ns         1.11 ns     12166700
BM_DenseThreadRanges/3/threads:8              0.173 ns         1.08 ns     13879800
BM_DenseThreadRanges/3/threads:11             0.085 ns        0.923 ns     11000000
BM_DenseThreadRanges/3/threads:14             0.068 ns        0.952 ns     13175036
BM_BenchmarkName                              0.000 ns        0.000 ns   1000000000
BM_templated_test_double                      0.780 ns        0.776 ns     19581236
<end of output>
Test time =   3.90 sec
----------------------------------------------------------
Test Passed.
"benchmark" end time: Sep 26 21:58 +07
"benchmark" time elapsed: 00:00:03
----------------------------------------------------------

2/99 Testing: spec_arg
2/99 Test: spec_arg
Command: "/home/nguyenduccanh/shellmap_project/smoframework/build-test/_deps/benchmark-build/test/spec_arg_test" "--benchmark_filter=BM_NotChosen"
Directory: /home/nguyenduccanh/shellmap_project/smoframework/build-test/_deps/benchmark-build/test
"spec_arg" start time: Sep 26 21:58 +07
Output:
----------------------------------------------------------
2026-09-26T21:58:50+07:00
Running /home/nguyenduccanh/shellmap_project/smoframework/build-test/_deps/benchmark-build/test/spec_arg_test
Run on (4 X 1700 MHz CPU s)
CPU Caches:
  L1 Data 32 KiB (x2)
  L1 Instruction 32 KiB (x2)
  L2 Unified 256 KiB (x2)
  L3 Unified 3072 KiB (x1)
Load Average: 4.41, 3.34, 3.09
***WARNING*** CPU scaling is enabled, the benchmark real time measurements may be noisy and will incur extra overhead.
-----------------------------------------------------
Benchmark           Time             CPU   Iterations
-----------------------------------------------------
[0;32mBM_Chosen  [m[0;33m     0.000 ns        0.000 ns   [m[0;36m1000000000[m
[m
<end of output>
Test time =   0.01 sec
----------------------------------------------------------
Test Passed.
"spec_arg" end time: Sep 26 21:58 +07
"spec_arg" time elapsed: 00:00:00
----------------------------------------------------------

3/99 Testing: spec_arg_verbosity
3/99 Test: spec_arg_verbosity
Command: "/home/nguyenduccanh/shellmap_project/smoframework/build-test/_deps/benchmark-build/test/spec_arg_verbosity_test" "--v=42"
Directory: /home/nguyenduccanh/shellmap_project/smoframework/build-test/_deps/benchmark-build/test
"spec_arg_verbosity" start time: Sep 26 21:58 +07
Output:
----------------------------------------------------------
<end of output>
Test time =   0.00 sec
----------------------------------------------------------
Test Passed.
"spec_arg_verbosity" end time: Sep 26 21:58 +07
"spec_arg_verbosity" time elapsed: 00:00:00
----------------------------------------------------------

4/99 Testing: benchmark_setup_teardown
4/99 Test: benchmark_setup_teardown
Command: "/home/nguyenduccanh/shellmap_project/smoframework/build-test/_deps/benchmark-build/test/benchmark_setup_teardown_test"
Directory: /home/nguyenduccanh/shellmap_project/smoframework/build-test/_deps/benchmark-build/test
"benchmark_setup_teardown" start time: Sep 26 21:58 +07
Output:
----------------------------------------------------------
2026-09-26T21:58:50+07:00
Running /home/nguyenduccanh/shellmap_project/smoframework/build-test/_deps/benchmark-build/test/benchmark_setup_teardown_test
Run on (4 X 1700 MHz CPU s)
CPU Caches:
  L1 Data 32 KiB (x2)
  L1 Instruction 32 KiB (x2)
  L2 Unified 256 KiB (x2)
  L3 Unified 3072 KiB (x1)
Load Average: 4.41, 3.34, 3.09
***WARNING*** CPU scaling is enabled, the benchmark real time measurements may be noisy and will incur extra overhead.
-----------------------------------------------------------------------------------------------------
Benchmark                                                           Time             CPU   Iterations
-----------------------------------------------------------------------------------------------------
BM_with_setup/1/iterations:100                                   45.5 ns         23.0 ns          100
BM_with_setup/3/iterations:100                                   14.2 ns         13.1 ns          100
BM_with_setup/5/iterations:100                                   16.0 ns         13.6 ns          100
BM_with_setup/7/iterations:100                                   12.3 ns         12.1 ns          100
BM_concurrent/iterations:100/threads:5                           5.22 ns         21.0 ns          500
BM_concurrent/iterations:100/threads:10                          1.88 ns         15.6 ns         1000
BM_concurrent/iterations:100/threads:15                          1.33 ns         17.4 ns         1500
MyFixture/BM_WithFixture                                        0.000 ns        0.000 ns   1000000000
MyFixture/BM_WithFixture/1/iterations:100/repeats:1               195 ns          195 ns          100
MyFixture/BM_WithFixture/3/iterations:100/repeats:1              17.1 ns         16.3 ns          100
MyFixture/BM_WithFixture/5/iterations:100/repeats:1              16.4 ns         15.6 ns          100
MyFixture/BM_WithFixture/7/iterations:100/repeats:1              16.4 ns         16.3 ns          100
BM_WithRep/1/iterations:100/repeats:4                            17.1 ns         16.4 ns          100
BM_WithRep/1/iterations:100/repeats:4                            15.7 ns         15.5 ns          100
BM_WithRep/1/iterations:100/repeats:4                            15.8 ns         15.8 ns          100
BM_WithRep/1/iterations:100/repeats:4                            15.4 ns         15.3 ns          100
BM_WithRep/1/iterations:100/repeats:4_mean                       16.0 ns         15.8 ns            4
BM_WithRep/1/iterations:100/repeats:4_median                     15.7 ns         15.7 ns            4
BM_WithRep/1/iterations:100/repeats:4_stddev                    0.728 ns        0.488 ns            4
BM_WithRep/1/iterations:100/repeats:4_cv                         4.55 %          3.10 %             4
BM_WithRep/3/iterations:100/repeats:4                            17.9 ns         17.1 ns          100
BM_WithRep/3/iterations:100/repeats:4                            15.8 ns         15.5 ns          100
BM_WithRep/3/iterations:100/repeats:4                            18.9 ns         18.8 ns          100
BM_WithRep/3/iterations:100/repeats:4                            16.4 ns         15.7 ns          100
BM_WithRep/3/iterations:100/repeats:4_mean                       17.2 ns         16.8 ns            4
BM_WithRep/3/iterations:100/repeats:4_median                     17.2 ns         16.4 ns            4
BM_WithRep/3/iterations:100/repeats:4_stddev                     1.39 ns         1.50 ns            4
BM_WithRep/3/iterations:100/repeats:4_cv                         8.06 %          8.97 %             4
BM_WithRep/5/iterations:100/repeats:4                            17.8 ns         16.7 ns          100
BM_WithRep/5/iterations:100/repeats:4                            15.5 ns         15.2 ns          100
BM_WithRep/5/iterations:100/repeats:4                            15.7 ns         15.6 ns          100
BM_WithRep/5/iterations:100/repeats:4                            15.6 ns         16.1 ns          100
BM_WithRep/5/iterations:100/repeats:4_mean                       16.2 ns         15.9 ns            4
BM_WithRep/5/iterations:100/repeats:4_median                     15.7 ns         15.8 ns            4
BM_WithRep/5/iterations:100/repeats:4_stddev                     1.10 ns        0.615 ns            4
BM_WithRep/5/iterations:100/repeats:4_cv                         6.82 %          3.87 %             4
BM_WithRep/7/iterations:100/repeats:4                            18.3 ns         17.2 ns          100
BM_WithRep/7/iterations:100/repeats:4                            16.2 ns         15.7 ns          100
BM_WithRep/7/iterations:100/repeats:4                            16.2 ns         15.9 ns          100
BM_WithRep/7/iterations:100/repeats:4                            16.3 ns         15.8 ns          100
BM_WithRep/7/iterations:100/repeats:4_mean                       16.8 ns         16.1 ns            4
BM_WithRep/7/iterations:100/repeats:4_median                     16.3 ns         15.8 ns            4
BM_WithRep/7/iterations:100/repeats:4_stddev                     1.06 ns        0.709 ns            4
BM_WithRep/7/iterations:100/repeats:4_cv                         6.30 %          4.39 %             4
<end of output>
Test time =   0.01 sec
----------------------------------------------------------
Test Passed.
"benchmark_setup_teardown" end time: Sep 26 21:58 +07
"benchmark_setup_teardown" time elapsed: 00:00:00
----------------------------------------------------------

5/99 Testing: min_time_flag_time
5/99 Test: min_time_flag_time
Command: "/home/nguyenduccanh/shellmap_project/smoframework/build-test/_deps/benchmark-build/test/benchmark_min_time_flag_time_test"
Directory: /home/nguyenduccanh/shellmap_project/smoframework/build-test/_deps/benchmark-build/test
"min_time_flag_time" start time: Sep 26 21:58 +07
Output:
----------------------------------------------------------
2026-09-26T21:58:50+07:00
Running /home/nguyenduccanh/shellmap_project/smoframework/build-test/_deps/benchmark-build/test/benchmark_min_time_flag_time_test
Run on (4 X 1700 MHz CPU s)
CPU Caches:
  L1 Data 32 KiB (x2)
  L1 Instruction 32 KiB (x2)
  L2 Unified 256 KiB (x2)
  L3 Unified 3072 KiB (x1)
Load Average: 4.41, 3.34, 3.09
***WARNING*** CPU scaling is enabled, the benchmark real time measurements may be noisy and will incur extra overhead.
-- LOG(0): Value passed to --benchmark_min_time should have a suffix. Eg., `30s` for 30-seconds.-----------------------------------------------------
Benchmark           Time             CPU   Iterations
-----------------------------------------------------
[0;32mBM_MyBench [m[0;33m     0.000 ns        0.000 ns   [m[0;36m1000000000[m
[m2026-09-26T21:58:50+07:00
Running /home/nguyenduccanh/shellmap_project/smoframework/build-test/_deps/benchmark-build/test/benchmark_min_time_flag_time_test
Run on (4 X 1700 MHz CPU s)
CPU Caches:
  L1 Data 32 KiB (x2)
  L1 Instruction 32 KiB (x2)
  L2 Unified 256 KiB (x2)
  L3 Unified 3072 KiB (x1)
Load Average: 4.41, 3.34, 3.09
***WARNING*** CPU scaling is enabled, the benchmark real time measurements may be noisy and will incur extra overhead.
-- LOG(0): Value passed to --benchmark_min_time should have a suffix. Eg., `30s` for 30-seconds.-----------------------------------------------------
Benchmark           Time             CPU   Iterations
-----------------------------------------------------
[0;32mBM_MyBench [m[0;33m     0.000 ns        0.000 ns   [m[0;36m1000000000[m
[m
<end of output>
Test time =   0.01 sec
----------------------------------------------------------
Test Passed.
"min_time_flag_time" end time: Sep 26 21:58 +07
"min_time_flag_time" time elapsed: 00:00:00
----------------------------------------------------------

6/99 Testing: min_time_flag_iters
6/99 Test: min_time_flag_iters
Command: "/home/nguyenduccanh/shellmap_project/smoframework/build-test/_deps/benchmark-build/test/benchmark_min_time_flag_iters_test"
Directory: /home/nguyenduccanh/shellmap_project/smoframework/build-test/_deps/benchmark-build/test
"min_time_flag_iters" start time: Sep 26 21:58 +07
Output:
----------------------------------------------------------
2026-09-26T21:58:50+07:00
Running /home/nguyenduccanh/shellmap_project/smoframework/build-test/_deps/benchmark-build/test/benchmark_min_time_flag_iters_test
Run on (4 X 1700 MHz CPU s)
CPU Caches:
  L1 Data 32 KiB (x2)
  L1 Instruction 32 KiB (x2)
  L2 Unified 256 KiB (x2)
  L3 Unified 3072 KiB (x1)
Load Average: 4.41, 3.34, 3.09
***WARNING*** CPU scaling is enabled, the benchmark real time measurements may be noisy and will incur extra overhead.
-----------------------------------------------------
Benchmark           Time             CPU   Iterations
-----------------------------------------------------
[0;32mBM_MyBench [m[0;33m      1047 ns          669 ns   [m[0;36m         4[m
[m
<end of output>
Test time =   0.01 sec
----------------------------------------------------------
Test Passed.
"min_time_flag_iters" end time: Sep 26 21:58 +07
"min_time_flag_iters" time elapsed: 00:00:00
----------------------------------------------------------

7/99 Testing: filter_simple
7/99 Test: filter_simple
Command: "/home/nguyenduccanh/shellmap_project/smoframework/build-test/_deps/benchmark-build/test/filter_test" "--benchmark_min_time=0.01s" "--benchmark_filter=Foo" "3"
Directory: /home/nguyenduccanh/shellmap_project/smoframework/build-test/_deps/benchmark-build/test
"filter_simple" start time: Sep 26 21:58 +07
Output:
----------------------------------------------------------
2026-09-26T21:58:50+07:00
Running /home/nguyenduccanh/shellmap_project/smoframework/build-test/_deps/benchmark-build/test/filter_test
Run on (4 X 1700 MHz CPU s)
CPU Caches:
  L1 Data 32 KiB (x2)
  L1 Instruction 32 KiB (x2)
  L2 Unified 256 KiB (x2)
  L3 Unified 3072 KiB (x1)
Load Average: 4.41, 3.34, 3.09
***WARNING*** CPU scaling is enabled, the benchmark real time measurements may be noisy and will incur extra overhead.
-----------------------------------------------------
Benchmark           Time             CPU   Iterations
-----------------------------------------------------
[0;32mBM_Foo     [m[0;33m     0.000 ns        0.000 ns   [m[0;36m1000000000[m
[m[0;32mBM_FooBar  [m[0;33m     0.000 ns        0.000 ns   [m[0;36m1000000000[m
[m[0;32mBM_FooBa   [m[0;33m     0.000 ns        0.000 ns   [m[0;36m1000000000[m
[m
<end of output>
Test time =   0.01 sec
----------------------------------------------------------
Test Passed.
"filter_simple" end time: Sep 26 21:58 +07
"filter_simple" time elapsed: 00:00:00
----------------------------------------------------------

8/99 Testing: filter_simple_list_only
8/99 Test: filter_simple_list_only
Command: "/home/nguyenduccanh/shellmap_project/smoframework/build-test/_deps/benchmark-build/test/filter_test" "--benchmark_list_tests" "--benchmark_filter=Foo" "3"
Directory: /home/nguyenduccanh/shellmap_project/smoframework/build-test/_deps/benchmark-build/test
"filter_simple_list_only" start time: Sep 26 21:58 +07
Output:
----------------------------------------------------------
BM_Foo
BM_FooBar
BM_FooBa
<end of output>
Test time =   0.01 sec
----------------------------------------------------------
Test Passed.
"filter_simple_list_only" end time: Sep 26 21:58 +07
"filter_simple_list_only" time elapsed: 00:00:00
----------------------------------------------------------

9/99 Testing: filter_simple_negative
9/99 Test: filter_simple_negative
Command: "/home/nguyenduccanh/shellmap_project/smoframework/build-test/_deps/benchmark-build/test/filter_test" "--benchmark_min_time=0.01s" "--benchmark_filter=-Foo" "2"
Directory: /home/nguyenduccanh/shellmap_project/smoframework/build-test/_deps/benchmark-build/test
"filter_simple_negative" start time: Sep 26 21:58 +07
Output:
----------------------------------------------------------
2026-09-26T21:58:50+07:00
Running /home/nguyenduccanh/shellmap_project/smoframework/build-test/_deps/benchmark-build/test/filter_test
Run on (4 X 1700 MHz CPU s)
CPU Caches:
  L1 Data 32 KiB (x2)
  L1 Instruction 32 KiB (x2)
  L2 Unified 256 KiB (x2)
  L3 Unified 3072 KiB (x1)
Load Average: 4.41, 3.34, 3.09
***WARNING*** CPU scaling is enabled, the benchmark real time measurements may be noisy and will incur extra overhead.
-----------------------------------------------------
Benchmark           Time             CPU   Iterations
-----------------------------------------------------
[0;32mNoPrefix   [m[0;33m     0.000 ns        0.000 ns   [m[0;36m1000000000[m
[m[0;32mBM_Bar     [m[0;33m     0.000 ns        0.000 ns   [m[0;36m1000000000[m
[m
<end of output>
Test time =   0.01 sec
----------------------------------------------------------
Test Passed.
"filter_simple_negative" end time: Sep 26 21:58 +07
"filter_simple_negative" time elapsed: 00:00:00
----------------------------------------------------------

10/99 Testing: filter_simple_negative_list_only
10/99 Test: filter_simple_negative_list_only
Command: "/home/nguyenduccanh/shellmap_project/smoframework/build-test/_deps/benchmark-build/test/filter_test" "--benchmark_list_tests" "--benchmark_filter=-Foo" "2"
Directory: /home/nguyenduccanh/shellmap_project/smoframework/build-test/_deps/benchmark-build/test
"filter_simple_negative_list_only" start time: Sep 26 21:58 +07
Output:
----------------------------------------------------------
NoPrefix
BM_Bar
<end of output>
Test time =   0.00 sec
----------------------------------------------------------
Test Passed.
"filter_simple_negative_list_only" end time: Sep 26 21:58 +07
"filter_simple_negative_list_only" time elapsed: 00:00:00
----------------------------------------------------------

11/99 Testing: filter_suffix
11/99 Test: filter_suffix
Command: "/home/nguyenduccanh/shellmap_project/smoframework/build-test/_deps/benchmark-build/test/filter_test" "--benchmark_min_time=0.01s" "--benchmark_filter=BM_.*" "4"
Directory: /home/nguyenduccanh/shellmap_project/smoframework/build-test/_deps/benchmark-build/test
"filter_suffix" start time: Sep 26 21:58 +07
Output:
----------------------------------------------------------
2026-09-26T21:58:50+07:00
Running /home/nguyenduccanh/shellmap_project/smoframework/build-test/_deps/benchmark-build/test/filter_test
Run on (4 X 1700 MHz CPU s)
CPU Caches:
  L1 Data 32 KiB (x2)
  L1 Instruction 32 KiB (x2)
  L2 Unified 256 KiB (x2)
  L3 Unified 3072 KiB (x1)
Load Average: 4.62, 3.41, 3.11
***WARNING*** CPU scaling is enabled, the benchmark real time measurements may be noisy and will incur extra overhead.
-----------------------------------------------------
Benchmark           Time             CPU   Iterations
-----------------------------------------------------
[0;32mBM_Foo     [m[0;33m     0.000 ns        0.000 ns   [m[0;36m1000000000[m
[m[0;32mBM_Bar     [m[0;33m     0.000 ns        0.000 ns   [m[0;36m1000000000[m
[m[0;32mBM_FooBar  [m[0;33m     0.000 ns        0.000 ns   [m[0;36m1000000000[m
[m[0;32mBM_FooBa   [m[0;33m     0.000 ns        0.000 ns   [m[0;36m1000000000[m
[m
<end of output>
Test time =   0.01 sec
----------------------------------------------------------
Test Passed.
"filter_suffix" end time: Sep 26 21:58 +07
"filter_suffix" time elapsed: 00:00:00
----------------------------------------------------------

12/99 Testing: filter_suffix_list_only
12/99 Test: filter_suffix_list_only
Command: "/home/nguyenduccanh/shellmap_project/smoframework/build-test/_deps/benchmark-build/test/filter_test" "--benchmark_list_tests" "--benchmark_filter=BM_.*" "4"
Directory: /home/nguyenduccanh/shellmap_project/smoframework/build-test/_deps/benchmark-build/test
"filter_suffix_list_only" start time: Sep 26 21:58 +07
Output:
----------------------------------------------------------
BM_Foo
BM_Bar
BM_FooBar
BM_FooBa
<end of output>
Test time =   0.00 sec
----------------------------------------------------------
Test Passed.
"filter_suffix_list_only" end time: Sep 26 21:58 +07
"filter_suffix_list_only" time elapsed: 00:00:00
----------------------------------------------------------

13/99 Testing: filter_suffix_negative
13/99 Test: filter_suffix_negative
Command: "/home/nguyenduccanh/shellmap_project/smoframework/build-test/_deps/benchmark-build/test/filter_test" "--benchmark_min_time=0.01s" "--benchmark_filter=-BM_.*" "1"
Directory: /home/nguyenduccanh/shellmap_project/smoframework/build-test/_deps/benchmark-build/test
"filter_suffix_negative" start time: Sep 26 21:58 +07
Output:
----------------------------------------------------------
2026-09-26T21:58:50+07:00
Running /home/nguyenduccanh/shellmap_project/smoframework/build-test/_deps/benchmark-build/test/filter_test
Run on (4 X 1700 MHz CPU s)
CPU Caches:
  L1 Data 32 KiB (x2)
  L1 Instruction 32 KiB (x2)
  L2 Unified 256 KiB (x2)
  L3 Unified 3072 KiB (x1)
Load Average: 4.62, 3.41, 3.11
***WARNING*** CPU scaling is enabled, the benchmark real time measurements may be noisy and will incur extra overhead.
-----------------------------------------------------
Benchmark           Time             CPU   Iterations
-----------------------------------------------------
[0;32mNoPrefix   [m[0;33m     0.000 ns        0.000 ns   [m[0;36m1000000000[m
[m
<end of output>
Test time =   0.01 sec
----------------------------------------------------------
Test Passed.
"filter_suffix_negative" end time: Sep 26 21:58 +07
"filter_suffix_negative" time elapsed: 00:00:00
----------------------------------------------------------

14/99 Testing: filter_suffix_negative_list_only
14/99 Test: filter_suffix_negative_list_only
Command: "/home/nguyenduccanh/shellmap_project/smoframework/build-test/_deps/benchmark-build/test/filter_test" "--benchmark_list_tests" "--benchmark_filter=-BM_.*" "1"
Directory: /home/nguyenduccanh/shellmap_project/smoframework/build-test/_deps/benchmark-build/test
"filter_suffix_negative_list_only" start time: Sep 26 21:58 +07
Output:
----------------------------------------------------------
NoPrefix
<end of output>
Test time =   0.01 sec
----------------------------------------------------------
Test Passed.
"filter_suffix_negative_list_only" end time: Sep 26 21:58 +07
"filter_suffix_negative_list_only" time elapsed: 00:00:00
----------------------------------------------------------

15/99 Testing: filter_regex_all
15/99 Test: filter_regex_all
Command: "/home/nguyenduccanh/shellmap_project/smoframework/build-test/_deps/benchmark-build/test/filter_test" "--benchmark_min_time=0.01s" "--benchmark_filter=.*" "5"
Directory: /home/nguyenduccanh/shellmap_project/smoframework/build-test/_deps/benchmark-build/test
"filter_regex_all" start time: Sep 26 21:58 +07
Output:
----------------------------------------------------------
2026-09-26T21:58:50+07:00
Running /home/nguyenduccanh/shellmap_project/smoframework/build-test/_deps/benchmark-build/test/filter_test
Run on (4 X 1700 MHz CPU s)
CPU Caches:
  L1 Data 32 KiB (x2)
  L1 Instruction 32 KiB (x2)
  L2 Unified 256 KiB (x2)
  L3 Unified 3072 KiB (x1)
Load Average: 4.62, 3.41, 3.11
***WARNING*** CPU scaling is enabled, the benchmark real time measurements may be noisy and will incur extra overhead.
-----------------------------------------------------
Benchmark           Time             CPU   Iterations
-----------------------------------------------------
[0;32mNoPrefix   [m[0;33m     0.000 ns        0.000 ns   [m[0;36m1000000000[m
[m[0;32mBM_Foo     [m[0;33m     0.000 ns        0.000 ns   [m[0;36m1000000000[m
[m[0;32mBM_Bar     [m[0;33m     0.000 ns        0.000 ns   [m[0;36m1000000000[m
[m[0;32mBM_FooBar  [m[0;33m     0.000 ns        0.000 ns   [m[0;36m1000000000[m
[m[0;32mBM_FooBa   [m[0;33m     0.000 ns        0.000 ns   [m[0;36m1000000000[m
[m
<end of output>
Test time =   0.01 sec
----------------------------------------------------------
Test Passed.
"filter_regex_all" end time: Sep 26 21:58 +07
"filter_regex_all" time elapsed: 00:00:00
----------------------------------------------------------

16/99 Testing: filter_regex_all_list_only
16/99 Test: filter_regex_all_list_only
Command: "/home/nguyenduccanh/shellmap_project/smoframework/build-test/_deps/benchmark-build/test/filter_test" "--benchmark_list_tests" "--benchmark_filter=.*" "5"
Directory: /home/nguyenduccanh/shellmap_project/smoframework/build-test/_deps/benchmark-build/test
"filter_regex_all_list_only" start time: Sep 26 21:58 +07
Output:
----------------------------------------------------------
NoPrefix
BM_Foo
BM_Bar
BM_FooBar
BM_FooBa
<end of output>
Test time =   0.01 sec
----------------------------------------------------------
Test Passed.
"filter_regex_all_list_only" end time: Sep 26 21:58 +07
"filter_regex_all_list_only" time elapsed: 00:00:00
----------------------------------------------------------

17/99 Testing: filter_regex_all_negative
17/99 Test: filter_regex_all_negative
Command: "/home/nguyenduccanh/shellmap_project/smoframework/build-test/_deps/benchmark-build/test/filter_test" "--benchmark_min_time=0.01s" "--benchmark_filter=-.*" "0"
Directory: /home/nguyenduccanh/shellmap_project/smoframework/build-test/_deps/benchmark-build/test
"filter_regex_all_negative" start time: Sep 26 21:58 +07
Output:
----------------------------------------------------------
Failed to match any benchmarks against regex: -.*
<end of output>
Test time =   0.01 sec
----------------------------------------------------------
Test Passed.
"filter_regex_all_negative" end time: Sep 26 21:58 +07
"filter_regex_all_negative" time elapsed: 00:00:00
----------------------------------------------------------

18/99 Testing: filter_regex_all_negative_list_only
18/99 Test: filter_regex_all_negative_list_only
Command: "/home/nguyenduccanh/shellmap_project/smoframework/build-test/_deps/benchmark-build/test/filter_test" "--benchmark_list_tests" "--benchmark_filter=-.*" "0"
Directory: /home/nguyenduccanh/shellmap_project/smoframework/build-test/_deps/benchmark-build/test
"filter_regex_all_negative_list_only" start time: Sep 26 21:58 +07
Output:
----------------------------------------------------------
Failed to match any benchmarks against regex: -.*
<end of output>
Test time =   0.00 sec
----------------------------------------------------------
Test Passed.
"filter_regex_all_negative_list_only" end time: Sep 26 21:58 +07
"filter_regex_all_negative_list_only" time elapsed: 00:00:00
----------------------------------------------------------

19/99 Testing: filter_regex_blank
19/99 Test: filter_regex_blank
Command: "/home/nguyenduccanh/shellmap_project/smoframework/build-test/_deps/benchmark-build/test/filter_test" "--benchmark_min_time=0.01s" "--benchmark_filter=" "5"
Directory: /home/nguyenduccanh/shellmap_project/smoframework/build-test/_deps/benchmark-build/test
"filter_regex_blank" start time: Sep 26 21:58 +07
Output:
----------------------------------------------------------
2026-09-26T21:58:50+07:00
Running /home/nguyenduccanh/shellmap_project/smoframework/build-test/_deps/benchmark-build/test/filter_test
Run on (4 X 1700 MHz CPU s)
CPU Caches:
  L1 Data 32 KiB (x2)
  L1 Instruction 32 KiB (x2)
  L2 Unified 256 KiB (x2)
  L3 Unified 3072 KiB (x1)
Load Average: 4.62, 3.41, 3.11
***WARNING*** CPU scaling is enabled, the benchmark real time measurements may be noisy and will incur extra overhead.
-----------------------------------------------------
Benchmark           Time             CPU   Iterations
-----------------------------------------------------
[0;32mNoPrefix   [m[0;33m     0.000 ns        0.000 ns   [m[0;36m1000000000[m
[m[0;32mBM_Foo     [m[0;33m     0.000 ns        0.000 ns   [m[0;36m1000000000[m
[m[0;32mBM_Bar     [m[0;33m     0.000 ns        0.000 ns   [m[0;36m1000000000[m
[m[0;32mBM_FooBar  [m[0;33m     0.000 ns        0.000 ns   [m[0;36m1000000000[m
[m[0;32mBM_FooBa   [m[0;33m     0.000 ns        0.000 ns   [m[0;36m1000000000[m
[m
<end of output>
Test time =   0.00 sec
----------------------------------------------------------
Test Passed.
"filter_regex_blank" end time: Sep 26 21:58 +07
"filter_regex_blank" time elapsed: 00:00:00
----------------------------------------------------------

20/99 Testing: filter_regex_blank_list_only
20/99 Test: filter_regex_blank_list_only
Command: "/home/nguyenduccanh/shellmap_project/smoframework/build-test/_deps/benchmark-build/test/filter_test" "--benchmark_list_tests" "--benchmark_filter=" "5"
Directory: /home/nguyenduccanh/shellmap_project/smoframework/build-test/_deps/benchmark-build/test
"filter_regex_blank_list_only" start time: Sep 26 21:58 +07
Output:
----------------------------------------------------------
NoPrefix
BM_Foo
BM_Bar
BM_FooBar
BM_FooBa
<end of output>
Test time =   0.00 sec
----------------------------------------------------------
Test Passed.
"filter_regex_blank_list_only" end time: Sep 26 21:58 +07
"filter_regex_blank_list_only" time elapsed: 00:00:00
----------------------------------------------------------

21/99 Testing: filter_regex_blank_negative
21/99 Test: filter_regex_blank_negative
Command: "/home/nguyenduccanh/shellmap_project/smoframework/build-test/_deps/benchmark-build/test/filter_test" "--benchmark_min_time=0.01s" "--benchmark_filter=-" "0"
Directory: /home/nguyenduccanh/shellmap_project/smoframework/build-test/_deps/benchmark-build/test
"filter_regex_blank_negative" start time: Sep 26 21:58 +07
Output:
----------------------------------------------------------
Failed to match any benchmarks against regex: -
<end of output>
Test time =   0.01 sec
----------------------------------------------------------
Test Passed.
"filter_regex_blank_negative" end time: Sep 26 21:58 +07
"filter_regex_blank_negative" time elapsed: 00:00:00
----------------------------------------------------------

22/99 Testing: filter_regex_blank_negative_list_only
22/99 Test: filter_regex_blank_negative_list_only
Command: "/home/nguyenduccanh/shellmap_project/smoframework/build-test/_deps/benchmark-build/test/filter_test" "--benchmark_list_tests" "--benchmark_filter=-" "0"
Directory: /home/nguyenduccanh/shellmap_project/smoframework/build-test/_deps/benchmark-build/test
"filter_regex_blank_negative_list_only" start time: Sep 26 21:58 +07
Output:
----------------------------------------------------------
Failed to match any benchmarks against regex: -
<end of output>
Test time =   0.01 sec
----------------------------------------------------------
Test Passed.
"filter_regex_blank_negative_list_only" end time: Sep 26 21:58 +07
"filter_regex_blank_negative_list_only" time elapsed: 00:00:00
----------------------------------------------------------

23/99 Testing: filter_regex_none
23/99 Test: filter_regex_none
Command: "/home/nguyenduccanh/shellmap_project/smoframework/build-test/_deps/benchmark-build/test/filter_test" "--benchmark_min_time=0.01s" "--benchmark_filter=monkey" "0"
Directory: /home/nguyenduccanh/shellmap_project/smoframework/build-test/_deps/benchmark-build/test
"filter_regex_none" start time: Sep 26 21:58 +07
Output:
----------------------------------------------------------
Failed to match any benchmarks against regex: monkey
<end of output>
Test time =   0.01 sec
----------------------------------------------------------
Test Passed.
"filter_regex_none" end time: Sep 26 21:58 +07
"filter_regex_none" time elapsed: 00:00:00
----------------------------------------------------------

24/99 Testing: filter_regex_none_list_only
24/99 Test: filter_regex_none_list_only
Command: "/home/nguyenduccanh/shellmap_project/smoframework/build-test/_deps/benchmark-build/test/filter_test" "--benchmark_list_tests" "--benchmark_filter=monkey" "0"
Directory: /home/nguyenduccanh/shellmap_project/smoframework/build-test/_deps/benchmark-build/test
"filter_regex_none_list_only" start time: Sep 26 21:58 +07
Output:
----------------------------------------------------------
Failed to match any benchmarks against regex: monkey
<end of output>
Test time =   0.01 sec
----------------------------------------------------------
Test Passed.
"filter_regex_none_list_only" end time: Sep 26 21:58 +07
"filter_regex_none_list_only" time elapsed: 00:00:00
----------------------------------------------------------

25/99 Testing: filter_regex_none_negative
25/99 Test: filter_regex_none_negative
Command: "/home/nguyenduccanh/shellmap_project/smoframework/build-test/_deps/benchmark-build/test/filter_test" "--benchmark_min_time=0.01s" "--benchmark_filter=-monkey" "5"
Directory: /home/nguyenduccanh/shellmap_project/smoframework/build-test/_deps/benchmark-build/test
"filter_regex_none_negative" start time: Sep 26 21:58 +07
Output:
----------------------------------------------------------
2026-09-26T21:58:50+07:00
Running /home/nguyenduccanh/shellmap_project/smoframework/build-test/_deps/benchmark-build/test/filter_test
Run on (4 X 1700 MHz CPU s)
CPU Caches:
  L1 Data 32 KiB (x2)
  L1 Instruction 32 KiB (x2)
  L2 Unified 256 KiB (x2)
  L3 Unified 3072 KiB (x1)
Load Average: 4.62, 3.41, 3.11
***WARNING*** CPU scaling is enabled, the benchmark real time measurements may be noisy and will incur extra overhead.
-----------------------------------------------------
Benchmark           Time             CPU   Iterations
-----------------------------------------------------
[0;32mNoPrefix   [m[0;33m     0.000 ns        0.000 ns   [m[0;36m1000000000[m
[m[0;32mBM_Foo     [m[0;33m     0.000 ns        0.000 ns   [m[0;36m1000000000[m
[m[0;32mBM_Bar     [m[0;33m     0.000 ns        0.000 ns   [m[0;36m1000000000[m
[m[0;32mBM_FooBar  [m[0;33m     0.000 ns        0.000 ns   [m[0;36m1000000000[m
[m[0;32mBM_FooBa   [m[0;33m     0.000 ns        0.000 ns   [m[0;36m1000000000[m
[m
<end of output>
Test time =   0.00 sec
----------------------------------------------------------
Test Passed.
"filter_regex_none_negative" end time: Sep 26 21:58 +07
"filter_regex_none_negative" time elapsed: 00:00:00
----------------------------------------------------------

26/99 Testing: filter_regex_none_negative_list_only
26/99 Test: filter_regex_none_negative_list_only
Command: "/home/nguyenduccanh/shellmap_project/smoframework/build-test/_deps/benchmark-build/test/filter_test" "--benchmark_list_tests" "--benchmark_filter=-monkey" "5"
Directory: /home/nguyenduccanh/shellmap_project/smoframework/build-test/_deps/benchmark-build/test
"filter_regex_none_negative_list_only" start time: Sep 26 21:58 +07
Output:
----------------------------------------------------------
NoPrefix
BM_Foo
BM_Bar
BM_FooBar
BM_FooBa
<end of output>
Test time =   0.00 sec
----------------------------------------------------------
Test Passed.
"filter_regex_none_negative_list_only" end time: Sep 26 21:58 +07
"filter_regex_none_negative_list_only" time elapsed: 00:00:00
----------------------------------------------------------

27/99 Testing: filter_regex_wildcard
27/99 Test: filter_regex_wildcard
Command: "/home/nguyenduccanh/shellmap_project/smoframework/build-test/_deps/benchmark-build/test/filter_test" "--benchmark_min_time=0.01s" "--benchmark_filter=.*Foo.*" "3"
Directory: /home/nguyenduccanh/shellmap_project/smoframework/build-test/_deps/benchmark-build/test
"filter_regex_wildcard" start time: Sep 26 21:58 +07
Output:
----------------------------------------------------------
2026-09-26T21:58:50+07:00
Running /home/nguyenduccanh/shellmap_project/smoframework/build-test/_deps/benchmark-build/test/filter_test
Run on (4 X 1700 MHz CPU s)
CPU Caches:
  L1 Data 32 KiB (x2)
  L1 Instruction 32 KiB (x2)
  L2 Unified 256 KiB (x2)
  L3 Unified 3072 KiB (x1)
Load Average: 4.62, 3.41, 3.11
***WARNING*** CPU scaling is enabled, the benchmark real time measurements may be noisy and will incur extra overhead.
-----------------------------------------------------
Benchmark           Time             CPU   Iterations
-----------------------------------------------------
[0;32mBM_Foo     [m[0;33m     0.000 ns        0.000 ns   [m[0;36m1000000000[m
[m[0;32mBM_FooBar  [m[0;33m     0.000 ns        0.000 ns   [m[0;36m1000000000[m
[m[0;32mBM_FooBa   [m[0;33m     0.000 ns        0.000 ns   [m[0;36m1000000000[m
[m
<end of output>
Test time =   0.00 sec
----------------------------------------------------------
Test Passed.
"filter_regex_wildcard" end time: Sep 26 21:58 +07
"filter_regex_wildcard" time elapsed: 00:00:00
----------------------------------------------------------

28/99 Testing: filter_regex_wildcard_list_only
28/99 Test: filter_regex_wildcard_list_only
Command: "/home/nguyenduccanh/shellmap_project/smoframework/build-test/_deps/benchmark-build/test/filter_test" "--benchmark_list_tests" "--benchmark_filter=.*Foo.*" "3"
Directory: /home/nguyenduccanh/shellmap_project/smoframework/build-test/_deps/benchmark-build/test
"filter_regex_wildcard_list_only" start time: Sep 26 21:58 +07
Output:
----------------------------------------------------------
BM_Foo
BM_FooBar
BM_FooBa
<end of output>
Test time =   0.01 sec
----------------------------------------------------------
Test Passed.
"filter_regex_wildcard_list_only" end time: Sep 26 21:58 +07
"filter_regex_wildcard_list_only" time elapsed: 00:00:00
----------------------------------------------------------

29/99 Testing: filter_regex_wildcard_negative
29/99 Test: filter_regex_wildcard_negative
Command: "/home/nguyenduccanh/shellmap_project/smoframework/build-test/_deps/benchmark-build/test/filter_test" "--benchmark_min_time=0.01s" "--benchmark_filter=-.*Foo.*" "2"
Directory: /home/nguyenduccanh/shellmap_project/smoframework/build-test/_deps/benchmark-build/test
"filter_regex_wildcard_negative" start time: Sep 26 21:58 +07
Output:
----------------------------------------------------------
2026-09-26T21:58:50+07:00
Running /home/nguyenduccanh/shellmap_project/smoframework/build-test/_deps/benchmark-build/test/filter_test
Run on (4 X 1700 MHz CPU s)
CPU Caches:
  L1 Data 32 KiB (x2)
  L1 Instruction 32 KiB (x2)
  L2 Unified 256 KiB (x2)
  L3 Unified 3072 KiB (x1)
Load Average: 4.62, 3.41, 3.11
***WARNING*** CPU scaling is enabled, the benchmark real time measurements may be noisy and will incur extra overhead.
-----------------------------------------------------
Benchmark           Time             CPU   Iterations
-----------------------------------------------------
[0;32mNoPrefix   [m[0;33m     0.000 ns        0.000 ns   [m[0;36m1000000000[m
[m[0;32mBM_Bar     [m[0;33m     0.000 ns        0.000 ns   [m[0;36m1000000000[m
[m
<end of output>
Test time =   0.01 sec
----------------------------------------------------------
Test Passed.
"filter_regex_wildcard_negative" end time: Sep 26 21:58 +07
"filter_regex_wildcard_negative" time elapsed: 00:00:00
----------------------------------------------------------

30/99 Testing: filter_regex_wildcard_negative_list_only
30/99 Test: filter_regex_wildcard_negative_list_only
Command: "/home/nguyenduccanh/shellmap_project/smoframework/build-test/_deps/benchmark-build/test/filter_test" "--benchmark_list_tests" "--benchmark_filter=-.*Foo.*" "2"
Directory: /home/nguyenduccanh/shellmap_project/smoframework/build-test/_deps/benchmark-build/test
"filter_regex_wildcard_negative_list_only" start time: Sep 26 21:58 +07
Output:
----------------------------------------------------------
NoPrefix
BM_Bar
<end of output>
Test time =   0.01 sec
----------------------------------------------------------
Test Passed.
"filter_regex_wildcard_negative_list_only" end time: Sep 26 21:58 +07
"filter_regex_wildcard_negative_list_only" time elapsed: 00:00:00
----------------------------------------------------------

31/99 Testing: filter_regex_begin
31/99 Test: filter_regex_begin
Command: "/home/nguyenduccanh/shellmap_project/smoframework/build-test/_deps/benchmark-build/test/filter_test" "--benchmark_min_time=0.01s" "--benchmark_filter=^BM_.*" "4"
Directory: /home/nguyenduccanh/shellmap_project/smoframework/build-test/_deps/benchmark-build/test
"filter_regex_begin" start time: Sep 26 21:58 +07
Output:
----------------------------------------------------------
2026-09-26T21:58:50+07:00
Running /home/nguyenduccanh/shellmap_project/smoframework/build-test/_deps/benchmark-build/test/filter_test
Run on (4 X 1700 MHz CPU s)
CPU Caches:
  L1 Data 32 KiB (x2)
  L1 Instruction 32 KiB (x2)
  L2 Unified 256 KiB (x2)
  L3 Unified 3072 KiB (x1)
Load Average: 4.62, 3.41, 3.11
***WARNING*** CPU scaling is enabled, the benchmark real time measurements may be noisy and will incur extra overhead.
-----------------------------------------------------
Benchmark           Time             CPU   Iterations
-----------------------------------------------------
[0;32mBM_Foo     [m[0;33m     0.000 ns        0.000 ns   [m[0;36m1000000000[m
[m[0;32mBM_Bar     [m[0;33m     0.000 ns        0.000 ns   [m[0;36m1000000000[m
[m[0;32mBM_FooBar  [m[0;33m     0.000 ns        0.000 ns   [m[0;36m1000000000[m
[m[0;32mBM_FooBa   [m[0;33m     0.000 ns        0.000 ns   [m[0;36m1000000000[m
[m
<end of output>
Test time =   0.01 sec
----------------------------------------------------------
Test Passed.
"filter_regex_begin" end time: Sep 26 21:58 +07
"filter_regex_begin" time elapsed: 00:00:00
----------------------------------------------------------

32/99 Testing: filter_regex_begin_list_only
32/99 Test: filter_regex_begin_list_only
Command: "/home/nguyenduccanh/shellmap_project/smoframework/build-test/_deps/benchmark-build/test/filter_test" "--benchmark_list_tests" "--benchmark_filter=^BM_.*" "4"
Directory: /home/nguyenduccanh/shellmap_project/smoframework/build-test/_deps/benchmark-build/test
"filter_regex_begin_list_only" start time: Sep 26 21:58 +07
Output:
----------------------------------------------------------
BM_Foo
BM_Bar
BM_FooBar
BM_FooBa
<end of output>
Test time =   0.00 sec
----------------------------------------------------------
Test Passed.
"filter_regex_begin_list_only" end time: Sep 26 21:58 +07
"filter_regex_begin_list_only" time elapsed: 00:00:00
----------------------------------------------------------

33/99 Testing: filter_regex_begin_negative
33/99 Test: filter_regex_begin_negative
Command: "/home/nguyenduccanh/shellmap_project/smoframework/build-test/_deps/benchmark-build/test/filter_test" "--benchmark_min_time=0.01s" "--benchmark_filter=-^BM_.*" "1"
Directory: /home/nguyenduccanh/shellmap_project/smoframework/build-test/_deps/benchmark-build/test
"filter_regex_begin_negative" start time: Sep 26 21:58 +07
Output:
----------------------------------------------------------
2026-09-26T21:58:50+07:00
Running /home/nguyenduccanh/shellmap_project/smoframework/build-test/_deps/benchmark-build/test/filter_test
Run on (4 X 1700 MHz CPU s)
CPU Caches:
  L1 Data 32 KiB (x2)
  L1 Instruction 32 KiB (x2)
  L2 Unified 256 KiB (x2)
  L3 Unified 3072 KiB (x1)
Load Average: 4.62, 3.41, 3.11
***WARNING*** CPU scaling is enabled, the benchmark real time measurements may be noisy and will incur extra overhead.
-----------------------------------------------------
Benchmark           Time             CPU   Iterations
-----------------------------------------------------
[0;32mNoPrefix   [m[0;33m     0.000 ns        0.000 ns   [m[0;36m1000000000[m
[m
<end of output>
Test time =   0.00 sec
----------------------------------------------------------
Test Passed.
"filter_regex_begin_negative" end time: Sep 26 21:58 +07
"filter_regex_begin_negative" time elapsed: 00:00:00
----------------------------------------------------------

34/99 Testing: filter_regex_begin_negative_list_only
34/99 Test: filter_regex_begin_negative_list_only
Command: "/home/nguyenduccanh/shellmap_project/smoframework/build-test/_deps/benchmark-build/test/filter_test" "--benchmark_list_tests" "--benchmark_filter=-^BM_.*" "1"
Directory: /home/nguyenduccanh/shellmap_project/smoframework/build-test/_deps/benchmark-build/test
"filter_regex_begin_negative_list_only" start time: Sep 26 21:58 +07
Output:
----------------------------------------------------------
NoPrefix
<end of output>
Test time =   0.00 sec
----------------------------------------------------------
Test Passed.
"filter_regex_begin_negative_list_only" end time: Sep 26 21:58 +07
"filter_regex_begin_negative_list_only" time elapsed: 00:00:00
----------------------------------------------------------

35/99 Testing: filter_regex_begin2
35/99 Test: filter_regex_begin2
Command: "/home/nguyenduccanh/shellmap_project/smoframework/build-test/_deps/benchmark-build/test/filter_test" "--benchmark_min_time=0.01s" "--benchmark_filter=^N" "1"
Directory: /home/nguyenduccanh/shellmap_project/smoframework/build-test/_deps/benchmark-build/test
"filter_regex_begin2" start time: Sep 26 21:58 +07
Output:
----------------------------------------------------------
2026-09-26T21:58:50+07:00
Running /home/nguyenduccanh/shellmap_project/smoframework/build-test/_deps/benchmark-build/test/filter_test
Run on (4 X 1700 MHz CPU s)
CPU Caches:
  L1 Data 32 KiB (x2)
  L1 Instruction 32 KiB (x2)
  L2 Unified 256 KiB (x2)
  L3 Unified 3072 KiB (x1)
Load Average: 4.62, 3.41, 3.11
***WARNING*** CPU scaling is enabled, the benchmark real time measurements may be noisy and will incur extra overhead.
-----------------------------------------------------
Benchmark           Time             CPU   Iterations
-----------------------------------------------------
[0;32mNoPrefix   [m[0;33m     0.000 ns        0.000 ns   [m[0;36m1000000000[m
[m
<end of output>
Test time =   0.01 sec
----------------------------------------------------------
Test Passed.
"filter_regex_begin2" end time: Sep 26 21:58 +07
"filter_regex_begin2" time elapsed: 00:00:00
----------------------------------------------------------

36/99 Testing: filter_regex_begin2_list_only
36/99 Test: filter_regex_begin2_list_only
Command: "/home/nguyenduccanh/shellmap_project/smoframework/build-test/_deps/benchmark-build/test/filter_test" "--benchmark_list_tests" "--benchmark_filter=^N" "1"
Directory: /home/nguyenduccanh/shellmap_project/smoframework/build-test/_deps/benchmark-build/test
"filter_regex_begin2_list_only" start time: Sep 26 21:58 +07
Output:
----------------------------------------------------------
NoPrefix
<end of output>
Test time =   0.01 sec
----------------------------------------------------------
Test Passed.
"filter_regex_begin2_list_only" end time: Sep 26 21:58 +07
"filter_regex_begin2_list_only" time elapsed: 00:00:00
----------------------------------------------------------

37/99 Testing: filter_regex_begin2_negative
37/99 Test: filter_regex_begin2_negative
Command: "/home/nguyenduccanh/shellmap_project/smoframework/build-test/_deps/benchmark-build/test/filter_test" "--benchmark_min_time=0.01s" "--benchmark_filter=-^N" "4"
Directory: /home/nguyenduccanh/shellmap_project/smoframework/build-test/_deps/benchmark-build/test
"filter_regex_begin2_negative" start time: Sep 26 21:58 +07
Output:
----------------------------------------------------------
2026-09-26T21:58:50+07:00
Running /home/nguyenduccanh/shellmap_project/smoframework/build-test/_deps/benchmark-build/test/filter_test
Run on (4 X 1700 MHz CPU s)
CPU Caches:
  L1 Data 32 KiB (x2)
  L1 Instruction 32 KiB (x2)
  L2 Unified 256 KiB (x2)
  L3 Unified 3072 KiB (x1)
Load Average: 4.62, 3.41, 3.11
***WARNING*** CPU scaling is enabled, the benchmark real time measurements may be noisy and will incur extra overhead.
-----------------------------------------------------
Benchmark           Time             CPU   Iterations
-----------------------------------------------------
[0;32mBM_Foo     [m[0;33m     0.000 ns        0.000 ns   [m[0;36m1000000000[m
[m[0;32mBM_Bar     [m[0;33m     0.000 ns        0.000 ns   [m[0;36m1000000000[m
[m[0;32mBM_FooBar  [m[0;33m     0.000 ns        0.000 ns   [m[0;36m1000000000[m
[m[0;32mBM_FooBa   [m[0;33m     0.000 ns        0.000 ns   [m[0;36m1000000000[m
[m
<end of output>
Test time =   0.01 sec
----------------------------------------------------------
Test Passed.
"filter_regex_begin2_negative" end time: Sep 26 21:58 +07
"filter_regex_begin2_negative" time elapsed: 00:00:00
----------------------------------------------------------

38/99 Testing: filter_regex_begin2_negative_list_only
38/99 Test: filter_regex_begin2_negative_list_only
Command: "/home/nguyenduccanh/shellmap_project/smoframework/build-test/_deps/benchmark-build/test/filter_test" "--benchmark_list_tests" "--benchmark_filter=-^N" "4"
Directory: /home/nguyenduccanh/shellmap_project/smoframework/build-test/_deps/benchmark-build/test
"filter_regex_begin2_negative_list_only" start time: Sep 26 21:58 +07
Output:
----------------------------------------------------------
BM_Foo
BM_Bar
BM_FooBar
BM_FooBa
<end of output>
Test time =   0.01 sec
----------------------------------------------------------
Test Passed.
"filter_regex_begin2_negative_list_only" end time: Sep 26 21:58 +07
"filter_regex_begin2_negative_list_only" time elapsed: 00:00:00
----------------------------------------------------------

39/99 Testing: filter_regex_end
39/99 Test: filter_regex_end
Command: "/home/nguyenduccanh/shellmap_project/smoframework/build-test/_deps/benchmark-build/test/filter_test" "--benchmark_min_time=0.01s" "--benchmark_filter=.*Ba$" "1"
Directory: /home/nguyenduccanh/shellmap_project/smoframework/build-test/_deps/benchmark-build/test
"filter_regex_end" start time: Sep 26 21:58 +07
Output:
----------------------------------------------------------
2026-09-26T21:58:50+07:00
Running /home/nguyenduccanh/shellmap_project/smoframework/build-test/_deps/benchmark-build/test/filter_test
Run on (4 X 1700 MHz CPU s)
CPU Caches:
  L1 Data 32 KiB (x2)
  L1 Instruction 32 KiB (x2)
  L2 Unified 256 KiB (x2)
  L3 Unified 3072 KiB (x1)
Load Average: 4.62, 3.41, 3.11
***WARNING*** CPU scaling is enabled, the benchmark real time measurements may be noisy and will incur extra overhead.
-----------------------------------------------------
Benchmark           Time             CPU   Iterations
-----------------------------------------------------
[0;32mBM_FooBa   [m[0;33m     0.000 ns        0.000 ns   [m[0;36m1000000000[m
[m
<end of output>
Test time =   0.01 sec
----------------------------------------------------------
Test Passed.
"filter_regex_end" end time: Sep 26 21:58 +07
"filter_regex_end" time elapsed: 00:00:00
----------------------------------------------------------

40/99 Testing: filter_regex_end_list_only
40/99 Test: filter_regex_end_list_only
Command: "/home/nguyenduccanh/shellmap_project/smoframework/build-test/_deps/benchmark-build/test/filter_test" "--benchmark_list_tests" "--benchmark_filter=.*Ba$" "1"
Directory: /home/nguyenduccanh/shellmap_project/smoframework/build-test/_deps/benchmark-build/test
"filter_regex_end_list_only" start time: Sep 26 21:58 +07
Output:
----------------------------------------------------------
BM_FooBa
<end of output>
Test time =   0.00 sec
----------------------------------------------------------
Test Passed.
"filter_regex_end_list_only" end time: Sep 26 21:58 +07
"filter_regex_end_list_only" time elapsed: 00:00:00
----------------------------------------------------------

41/99 Testing: filter_regex_end_negative
41/99 Test: filter_regex_end_negative
Command: "/home/nguyenduccanh/shellmap_project/smoframework/build-test/_deps/benchmark-build/test/filter_test" "--benchmark_min_time=0.01s" "--benchmark_filter=-.*Ba$" "4"
Directory: /home/nguyenduccanh/shellmap_project/smoframework/build-test/_deps/benchmark-build/test
"filter_regex_end_negative" start time: Sep 26 21:58 +07
Output:
----------------------------------------------------------
2026-09-26T21:58:50+07:00
Running /home/nguyenduccanh/shellmap_project/smoframework/build-test/_deps/benchmark-build/test/filter_test
Run on (4 X 1700 MHz CPU s)
CPU Caches:
  L1 Data 32 KiB (x2)
  L1 Instruction 32 KiB (x2)
  L2 Unified 256 KiB (x2)
  L3 Unified 3072 KiB (x1)
Load Average: 4.62, 3.41, 3.11
***WARNING*** CPU scaling is enabled, the benchmark real time measurements may be noisy and will incur extra overhead.
-----------------------------------------------------
Benchmark           Time             CPU   Iterations
-----------------------------------------------------
[0;32mNoPrefix   [m[0;33m     0.000 ns        0.000 ns   [m[0;36m1000000000[m
[m[0;32mBM_Foo     [m[0;33m     0.000 ns        0.000 ns   [m[0;36m1000000000[m
[m[0;32mBM_Bar     [m[0;33m     0.000 ns        0.000 ns   [m[0;36m1000000000[m
[m[0;32mBM_FooBar  [m[0;33m     0.000 ns        0.000 ns   [m[0;36m1000000000[m
[m
<end of output>
Test time =   0.00 sec
----------------------------------------------------------
Test Passed.
"filter_regex_end_negative" end time: Sep 26 21:58 +07
"filter_regex_end_negative" time elapsed: 00:00:00
----------------------------------------------------------

42/99 Testing: filter_regex_end_negative_list_only
42/99 Test: filter_regex_end_negative_list_only
Command: "/home/nguyenduccanh/shellmap_project/smoframework/build-test/_deps/benchmark-build/test/filter_test" "--benchmark_list_tests" "--benchmark_filter=-.*Ba$" "4"
Directory: /home/nguyenduccanh/shellmap_project/smoframework/build-test/_deps/benchmark-build/test
"filter_regex_end_negative_list_only" start time: Sep 26 21:58 +07
Output:
----------------------------------------------------------
NoPrefix
BM_Foo
BM_Bar
BM_FooBar
<end of output>
Test time =   0.01 sec
----------------------------------------------------------
Test Passed.
"filter_regex_end_negative_list_only" end time: Sep 26 21:58 +07
"filter_regex_end_negative_list_only" time elapsed: 00:00:00
----------------------------------------------------------

43/99 Testing: options_benchmarks
43/99 Test: options_benchmarks
Command: "/home/nguyenduccanh/shellmap_project/smoframework/build-test/_deps/benchmark-build/test/options_test" "--benchmark_min_time=0.01s"
Directory: /home/nguyenduccanh/shellmap_project/smoframework/build-test/_deps/benchmark-build/test
"options_benchmarks" start time: Sep 26 21:58 +07
Output:
----------------------------------------------------------
2026-09-26T21:58:50+07:00
Running /home/nguyenduccanh/shellmap_project/smoframework/build-test/_deps/benchmark-build/test/options_test
Run on (4 X 1700 MHz CPU s)
CPU Caches:
  L1 Data 32 KiB (x2)
  L1 Instruction 32 KiB (x2)
  L2 Unified 256 KiB (x2)
  L3 Unified 3072 KiB (x1)
Load Average: 4.62, 3.41, 3.11
***WARNING*** CPU scaling is enabled, the benchmark real time measurements may be noisy and will incur extra overhead.
-----------------------------------------------------------------------------------------------
Benchmark                                                     Time             CPU   Iterations
-----------------------------------------------------------------------------------------------
BM_basic                                                  0.000 ns        0.000 ns   1000000000
BM_basic/42                                               0.000 ns        0.000 ns   1000000000
BM_basic_slow/10                                       10409920 ns        22113 ns           10
BM_basic_slow/100                                        100078 us         28.1 us            1
BM_basic_slow/1000                                         1000 ms        0.044 ms            1
BM_basic_slow/1000                                         1.00 s         0.000 s             1
BM_basic/1                                                0.000 ns        0.000 ns   1000000000
BM_basic/8                                                0.000 ns        0.000 ns   1000000000
BM_basic/1                                                0.000 ns        0.000 ns   1000000000
BM_basic/2                                                0.000 ns        0.000 ns   1000000000
BM_basic/4                                                0.000 ns        0.000 ns   1000000000
BM_basic/8                                                0.000 ns        0.000 ns   1000000000
BM_basic/10                                               0.000 ns        0.000 ns   1000000000
BM_basic/11                                               0.000 ns        0.000 ns   1000000000
BM_basic/12                                               0.000 ns        0.000 ns   1000000000
BM_basic/13                                               0.000 ns        0.000 ns   1000000000
BM_basic/14                                               0.000 ns        0.000 ns   1000000000
BM_basic/15                                               0.000 ns        0.000 ns   1000000000
BM_basic/42/42                                            0.000 ns        0.000 ns   1000000000
BM_basic/64/64                                            0.000 ns        0.000 ns   1000000000
BM_basic/512/64                                           0.000 ns        0.000 ns   1000000000
BM_basic/64/512                                           0.000 ns        0.000 ns   1000000000
BM_basic/512/512                                          0.000 ns        0.000 ns   1000000000
BM_basic/min_time:0.700                                   0.000 ns        0.000 ns   1000000000
BM_basic/min_warmup_time:0.800                            0.000 ns        0.000 ns   1000000000
BM_basic/min_time:0.100/min_warmup_time:0.200             0.000 ns        0.000 ns   1000000000
BM_basic/real_time                                        0.000 ns        0.000 ns   1000000000
BM_basic/threads:2                                        0.000 ns        0.000 ns   2000000000
BM_basic/threads:4                                        0.000 ns        0.000 ns   4000000000
BM_basic/threads:4                                        0.000 ns        0.000 ns   4000000000
BM_basic/repeats:3                                        0.000 ns        0.000 ns   1000000000
BM_basic/repeats:3                                        0.000 ns        0.000 ns   1000000000
BM_basic/repeats:3                                        0.000 ns        0.000 ns   1000000000
BM_basic/repeats:3_mean                                   0.000 ns        0.000 ns            3
BM_basic/repeats:3_median                                 0.000 ns        0.000 ns            3
BM_basic/repeats:3_stddev                                 0.000 ns        0.000 ns            3
BM_basic/repeats:3_cv                                     11.74 %          7.47 %             3
BM_basic/-9223372036854775808                             0.000 ns        0.000 ns   1000000000
BM_basic/-4611686014132420609                             0.000 ns        0.000 ns   1000000000
BM_basic/-2147483647                                      0.000 ns        0.000 ns   1000000000
BM_basic/-1                                               0.000 ns        0.000 ns   1000000000
BM_basic/0                                                0.000 ns        0.000 ns   1000000000
BM_basic/1                                                0.000 ns        0.000 ns   1000000000
BM_basic/2147483647                                       0.000 ns        0.000 ns   1000000000
BM_basic/4611686014132420609                              0.000 ns        0.000 ns   1000000000
BM_basic/9223372036854775807                              0.000 ns        0.000 ns   1000000000
BM_basic/-64                                              0.000 ns        0.000 ns   1000000000
BM_basic/-8                                               0.000 ns        0.000 ns   1000000000
BM_basic/-1                                               0.000 ns        0.000 ns   1000000000
BM_basic/-8                                               0.000 ns        0.000 ns   1000000000
BM_basic/-4                                               0.000 ns        0.000 ns   1000000000
BM_basic/-1                                               0.000 ns        0.000 ns   1000000000
BM_basic/0                                                0.000 ns        0.000 ns   1000000000
BM_basic/1                                                0.000 ns        0.000 ns   1000000000
BM_basic/4                                                0.000 ns        0.000 ns   1000000000
BM_basic/8                                                0.000 ns        0.000 ns   1000000000
BM_basic/-2                                               0.000 ns        0.000 ns   1000000000
BM_basic/-1                                               0.000 ns        0.000 ns   1000000000
BM_basic/0                                                0.000 ns        0.000 ns   1000000000
BM_basic/1                                                0.000 ns        0.000 ns   1000000000
BM_basic/2                                                0.000 ns        0.000 ns   1000000000
BM_basic/-64/-8                                           0.000 ns        0.000 ns   1000000000
BM_basic/-8/-8                                            0.000 ns        0.000 ns   1000000000
BM_basic/-1/-8                                            0.000 ns        0.000 ns   1000000000
BM_basic/0/-8                                             0.000 ns        0.000 ns   1000000000
BM_basic/1/-8                                             0.000 ns        0.000 ns   1000000000
BM_basic/-64/-1                                           0.000 ns        0.000 ns   1000000000
BM_basic/-8/-1                                            0.000 ns        0.000 ns   1000000000
BM_basic/-1/-1                                            0.000 ns        0.000 ns   1000000000
BM_basic/0/-1                                             0.000 ns        0.000 ns   1000000000
BM_basic/1/-1                                             0.000 ns        0.000 ns   1000000000
BM_basic/0                                                0.000 ns        0.000 ns   1000000000
BM_basic/1                                                0.000 ns        0.000 ns   1000000000
BM_basic/2                                                0.000 ns        0.000 ns   1000000000
BM_basic/3                                                0.000 ns        0.000 ns   1000000000
BM_basic/4                                                0.000 ns        0.000 ns   1000000000
BM_basic/5                                                0.000 ns        0.000 ns   1000000000
BM_basic/6                                                0.000 ns        0.000 ns   1000000000
BM_basic/7                                                0.000 ns        0.000 ns   1000000000
BM_basic/8                                                0.000 ns        0.000 ns   1000000000
BM_basic/9                                                0.000 ns        0.000 ns   1000000000
BM_explicit_iteration_count/iterations:42                   102 ns         91.5 ns           42
<end of output>
Test time =   2.25 sec
----------------------------------------------------------
Test Passed.
"options_benchmarks" end time: Sep 26 21:58 +07
"options_benchmarks" time elapsed: 00:00:02
----------------------------------------------------------

44/99 Testing: basic_benchmark
44/99 Test: basic_benchmark
Command: "/home/nguyenduccanh/shellmap_project/smoframework/build-test/_deps/benchmark-build/test/basic_test" "--benchmark_min_time=0.01s"
Directory: /home/nguyenduccanh/shellmap_project/smoframework/build-test/_deps/benchmark-build/test
"basic_benchmark" start time: Sep 26 21:58 +07
Output:
----------------------------------------------------------
2026-09-26T21:58:52+07:00
Running /home/nguyenduccanh/shellmap_project/smoframework/build-test/_deps/benchmark-build/test/basic_test
Run on (4 X 1700 MHz CPU s)
CPU Caches:
  L1 Data 32 KiB (x2)
  L1 Instruction 32 KiB (x2)
  L2 Unified 256 KiB (x2)
  L3 Unified 3072 KiB (x1)
Load Average: 4.62, 3.41, 3.11
***WARNING*** CPU scaling is enabled, the benchmark real time measurements may be noisy and will incur extra overhead.
----------------------------------------------------------------------------------------
Benchmark                                              Time             CPU   Iterations
----------------------------------------------------------------------------------------
BM_empty                                            1.46 ns         1.47 ns     11653964
BM_empty/threads:4                                 0.760 ns         2.28 ns      6895696
BM_spin_empty/8                                     15.3 ns         15.3 ns      1229231
BM_spin_empty/512                                    750 ns          750 ns        16145
BM_spin_empty/8192                                 12071 ns        12073 ns         1657
BM_spin_empty/8/threads:4                           5.50 ns         18.0 ns       754400
BM_spin_empty/512/threads:4                          220 ns          740 ns        15400
BM_spin_empty/8192/threads:4                        6603 ns        14276 ns          904
BM_spin_pause_before/8                              19.4 ns         15.0 ns       694511
BM_spin_pause_before/512                             576 ns          576 ns        25446
BM_spin_pause_before/8192                          11957 ns        11889 ns         1000
BM_spin_pause_before/8/threads:4                    5.76 ns         18.7 ns       675984
BM_spin_pause_before/512/threads:4                   309 ns          971 ns        14092
BM_spin_pause_before/8192/threads:4                 5017 ns        15386 ns         1080
BM_spin_pause_during/8                              1423 ns         1397 ns         9177
BM_spin_pause_during/512                            2241 ns         2241 ns         5567
BM_spin_pause_during/8192                          12908 ns        12822 ns         1503
BM_spin_pause_during/8/threads:4                     551 ns         1744 ns         8200
BM_spin_pause_during/512/threads:4                   930 ns         2664 ns         4000
BM_spin_pause_during/8192/threads:4                 5082 ns        16091 ns          908
BM_pause_during                                     1449 ns         1454 ns         9831
BM_pause_during/threads:4                            506 ns         1528 ns         8132
BM_pause_during/real_time                           1416 ns         1417 ns         8814
BM_pause_during/real_time/threads:4                  513 ns         1796 ns        31100
BM_spin_pause_after/8                               20.2 ns         20.2 ns       694947
BM_spin_pause_after/512                              688 ns          688 ns        23613
BM_spin_pause_after/8192                           12671 ns        12612 ns         1000
BM_spin_pause_after/8/threads:4                     6.23 ns         20.2 ns       849908
BM_spin_pause_after/512/threads:4                    245 ns          932 ns        15556
BM_spin_pause_after/8192/threads:4                  4144 ns        15280 ns          988
BM_spin_pause_before_and_after/8                    16.9 ns         16.7 ns       931594
BM_spin_pause_before_and_after/512                   633 ns          633 ns        24570
BM_spin_pause_before_and_after/8192                14565 ns        14514 ns         1580
BM_spin_pause_before_and_after/8/threads:4          5.12 ns         16.5 ns       885252
BM_spin_pause_before_and_after/512/threads:4         285 ns          943 ns        15508
BM_spin_pause_before_and_after/8192/threads:4       4152 ns        16575 ns         1012
BM_empty_stop_start                                0.000 ns        0.000 ns   1000000000
BM_empty_stop_start/threads:4                      0.000 ns        0.000 ns   4000000000
BM_KeepRunning                                     0.769 ns        0.767 ns     22916708
BM_KeepRunningBatch/repeats:1                      0.001 ns        0.001 ns   1000000729
BM_RangedFor                                       0.000 ns        0.000 ns   1000000000
BM_OneTemplateFunc<int>/1                          0.000 ns        0.000 ns   1000000000
BM_OneTemplateFunc<double>/1                       0.000 ns        0.000 ns   1000000000
BM_TwoTemplateFunc<int, double>/1                  0.000 ns        0.000 ns   1000000000
BM_TwoTemplateFunc<double, int>/1                  0.000 ns        0.000 ns   1000000000
<end of output>
Test time =   0.83 sec
----------------------------------------------------------
Test Passed.
"basic_benchmark" end time: Sep 26 21:58 +07
"basic_benchmark" time elapsed: 00:00:00
----------------------------------------------------------

45/99 Testing: repetitions_benchmark
45/99 Test: repetitions_benchmark
Command: "/home/nguyenduccanh/shellmap_project/smoframework/build-test/_deps/benchmark-build/test/repetitions_test" "--benchmark_min_time=0.01s" "--benchmark_repetitions=3"
Directory: /home/nguyenduccanh/shellmap_project/smoframework/build-test/_deps/benchmark-build/test
"repetitions_benchmark" start time: Sep 26 21:58 +07
Output:
----------------------------------------------------------
Running benchmarks...
-------------------------------
Testing ConsoleReporter Output
-------------------------------
2026-09-26T21:58:53+07:00
Running /home/nguyenduccanh/shellmap_project/smoframework/build-test/_deps/benchmark-build/test/repetitions_test
Run on (4 X 1700 MHz CPU s)
CPU Caches:
  L1 Data 32 KiB (x2)
  L1 Instruction 32 KiB (x2)
  L2 Unified 256 KiB (x2)
  L3 Unified 3072 KiB (x1)
Load Average: 4.62, 3.41, 3.11
***WARNING*** CPU scaling is enabled, the benchmark real time measurements may be noisy and will incur extra overhead.
----------------------------------------------------------------------------------
Benchmark                                        Time             CPU   Iterations
----------------------------------------------------------------------------------
BM_ExplicitRepetitions/repeats:2             0.000 ns        0.000 ns   1000000000
BM_ExplicitRepetitions/repeats:2             0.000 ns        0.000 ns   1000000000
BM_ExplicitRepetitions/repeats:2_mean        0.000 ns        0.000 ns            2
BM_ExplicitRepetitions/repeats:2_median      0.000 ns        0.000 ns            2
BM_ExplicitRepetitions/repeats:2_stddev      0.000 ns        0.000 ns            2
BM_ExplicitRepetitions/repeats:2_cv           2.00 %          1.76 %             2
BM_ImplicitRepetitions                       0.000 ns        0.000 ns   1000000000
BM_ImplicitRepetitions                       0.000 ns        0.000 ns   1000000000
BM_ImplicitRepetitions                       0.000 ns        0.000 ns   1000000000
BM_ImplicitRepetitions_mean                  0.000 ns        0.000 ns            3
BM_ImplicitRepetitions_median                0.000 ns        0.000 ns            3
BM_ImplicitRepetitions_stddev                0.000 ns        0.000 ns            3
BM_ImplicitRepetitions_cv                     0.16 %          0.23 %             3

----------------------------
Testing JSONReporter Output
----------------------------
{
  "context": {
    "date": "2026-09-26T21:58:53+07:00",
    "host_name": "dotlinux",
    "executable": "/home/nguyenduccanh/shellmap_project/smoframework/build-test/_deps/benchmark-build/test/repetitions_test",
    "num_cpus": 4,
    "mhz_per_cpu": 1700,
    "cpu_scaling_enabled": true,
    "caches": [
      {
        "type": "Data",
        "level": 1,
        "size": 32768,
        "num_sharing": 2
      },
      {
        "type": "Instruction",
        "level": 1,
        "size": 32768,
        "num_sharing": 2
      },
      {
        "type": "Unified",
        "level": 2,
        "size": 262144,
        "num_sharing": 2
      },
      {
        "type": "Unified",
        "level": 3,
        "size": 3145728,
        "num_sharing": 4
      }
    ],
    "load_avg": [4.6167,3.40576,3.10889],
    "library_build_type": "release"
  },
  "benchmarks": [
    {
      "name": "BM_ExplicitRepetitions/repeats:2",
      "family_index": 0,
      "per_family_instance_index": 0,
      "run_name": "BM_ExplicitRepetitions/repeats:2",
      "run_type": "iteration",
      "repetitions": 2,
      "repetition_index": 0,
      "threads": 1,
      "iterations": 1000000000,
      "real_time": 1.1099036782979965e-06,
[...]

87/99 Testing: recovery_package_model
87/99 Test: recovery_package_model
Command: "/home/nguyenduccanh/shellmap_project/smoframework/build-test/tests/smo_test_recovery_package"
Directory: /home/nguyenduccanh/shellmap_project/smoframework/build-test/tests
"recovery_package_model" start time: Sep 26 21:59 +07
Output:
----------------------------------------------------------
=== SMO Recovery Package Tests (P0-EX RecoveryDomain format v1) ===

  TEST seal→serialize→deserialize→unlock roundtrip  ... PASS
  TEST wrong/garbage blob rejected                        ... PASS
  TEST legacy non-versioned blob rejected                 ... PASS

=== ALL PASS ===
<end of output>
Test time =   0.29 sec
----------------------------------------------------------
Test Passed.
"recovery_package_model" end time: Sep 26 21:59 +07
"recovery_package_model" time elapsed: 00:00:00
----------------------------------------------------------

88/99 Testing: shamir_model
88/99 Test: shamir_model
Command: "/home/nguyenduccanh/shellmap_project/smoframework/build-test/tests/smo_test_shamir"
Directory: /home/nguyenduccanh/shellmap_project/smoframework/build-test/tests
"shamir_model" start time: Sep 26 21:59 +07
Output:
----------------------------------------------------------
=== SMO Shamir SSS Tests (C8) ===

[Shamir Core]
  TEST split/recover roundtrip (various M,N)              ... PASS
  TEST wrong threshold fails                              ... PASS
  TEST tampered share fails                               ... PASS
  TEST duplicate indices rejected                         ... PASS
  TEST share serialization roundtrip                      ... PASS

[RecoveryPackage v2]
  TEST create/recover roundtrip                           ... PASS
  TEST wrong passphrase fails                             ... PASS
  TEST insufficient shares fails                          ... PASS
  TEST tampered share fails                               ... PASS
  TEST shareholder index not found                        ... PASS

=== ALL PASS ===
<end of output>
Test time =   0.99 sec
----------------------------------------------------------
Test Passed.
"shamir_model" end time: Sep 26 21:59 +07
"shamir_model" time elapsed: 00:00:00
----------------------------------------------------------

89/99 Testing: error_model
89/99 Test: error_model
Command: "/home/nguyenduccanh/shellmap_project/smoframework/build-test/tests/smo_test_error"
Directory: /home/nguyenduccanh/shellmap_project/smoframework/build-test/tests
"error_model" start time: Sep 26 21:59 +07
Output:
----------------------------------------------------------
SMO Error Model — Unit Tests
============================

  TEST ErrorCode default constructor                      ... PASS
  TEST ErrorCode packed size == 4                         ... PASS
  TEST ErrorCode is_retryable                             ... PASS
  TEST ErrorCode is_fatal                                 ... PASS
  TEST Error constructor                                  ... PASS
  TEST Error to_string                                    ... PASS
  TEST SMO_ERR macro                                      ... PASS
  TEST Result<int> ok                                     ... PASS
  TEST Result<int> error                                  ... PASS
  TEST Result<void> ok                                    ... PASS
  TEST Result<void> error                                 ... PASS
  TEST Result move semantics                              ... PASS
  TEST SMO_TRY void ok                                    ... PASS
  TEST SMO_TRY propagates error                           ... PASS
  TEST SMO_TRY_VAL ok                                     ... PASS
  TEST SMO_TRY_VAL propagates error                       ... PASS

ALL TESTS PASSED
<end of output>
Test time =   0.01 sec
----------------------------------------------------------
Test Passed.
"error_model" end time: Sep 26 21:59 +07
"error_model" time elapsed: 00:00:00
----------------------------------------------------------

90/99 Testing: event_store_model
90/99 Test: event_store_model
Command: "/home/nguyenduccanh/shellmap_project/smoframework/build-test/tests/smo_test_event_store"
Directory: /home/nguyenduccanh/shellmap_project/smoframework/build-test/tests
"event_store_model" start time: Sep 26 21:59 +07
Output:
----------------------------------------------------------
SMO EventStore — Unit Tests
============================

  TEST OpenClose                                          ... PASS
  TEST AppendAndQueryByExecution                          ... PASS
  TEST QueryByTrace                                       ... PASS
  TEST QueryByContract                                    ... PASS
  TEST QueryByNode                                        ... PASS
  TEST QueryRange                                         ... PASS
  TEST QueryLatest                                        ... PASS
  TEST UpsertAndGetExecution                              ... PASS
  TEST GetExecutionNotFound                               ... PASS
  TEST QueryExecutionsByContract                          ... PASS
  TEST QueryExecutionsByTrace                             ... PASS
  TEST QueryRecentExecutions                              ... PASS
  TEST SerializeDeserializeEvent                          ... PASS
  TEST SerializeDeserializeExecution                      ... PASS
  TEST Vacuum                                             ... PASS
  TEST CountEventsAndExecutions                           ... PASS
  TEST DbSizeBytes                                        ... PASS
  TEST IteratorAll                                        ... PASS
  TEST IteratorExecution                                  ... PASS

ALL TESTS PASSED
<end of output>
Test time =   1.24 sec
----------------------------------------------------------
Test Passed.
"event_store_model" end time: Sep 26 21:59 +07
"event_store_model" time elapsed: 00:00:01
----------------------------------------------------------

91/99 Testing: runtime_context_model
91/99 Test: runtime_context_model
Command: "/home/nguyenduccanh/shellmap_project/smoframework/build-test/tests/smo_test_runtime_context"
Directory: /home/nguyenduccanh/shellmap_project/smoframework/build-test/tests
"runtime_context_model" start time: Sep 26 21:59 +07
Output:
----------------------------------------------------------
SMO RuntimeContext — Unit Tests
================================

  TEST BuilderBasic                                       ... PASS
  TEST BuilderWithExecutionInfo                           ... PASS
  TEST BuilderWithoutContractIdFails                      ... PASS
  TEST BuilderWithZeroExecutionIdWorks                    ... PASS
  TEST HasCapability                                      ... PASS
  TEST EventBusInjection                                  ... PASS

ALL TESTS PASSED
<end of output>
Test time =   0.01 sec
----------------------------------------------------------
Test Passed.
"runtime_context_model" end time: Sep 26 21:59 +07
"runtime_context_model" time elapsed: 00:00:00
----------------------------------------------------------

92/99 Testing: history_model
92/99 Test: history_model
Command: "/home/nguyenduccanh/shellmap_project/smoframework/build-test/tests/smo_test_history"
Directory: /home/nguyenduccanh/shellmap_project/smoframework/build-test/tests
"history_model" start time: Sep 26 21:59 +07
Output:
----------------------------------------------------------
SMO HistoryService — Unit Tests
================================

  TEST OpenClose                                          ... PASS
  TEST ContractHistory                                    ... PASS
  TEST ExecutionHistory                                   ... PASS
  TEST ContractExecutions                                 ... PASS
  TEST NodeExecutions                                     ... PASS
  TEST FailedExecutions                                   ... PASS
  TEST ExecutionEvents                                    ... PASS
  TEST TraceEvents                                        ... PASS
  TEST NodeHistory                                        ... PASS
  TEST MeshNodes                                          ... PASS
  TEST PolicyHistory                                      ... PASS
  TEST MeshHistory                                        ... PASS
  TEST QueryExecutions                                    ... PASS
  TEST QueryEvents                                        ... PASS
  TEST TraceExecutions                                    ... PASS

ALL TESTS PASSED
<end of output>
Test time =   1.54 sec
----------------------------------------------------------
Test Passed.
"history_model" end time: Sep 26 21:59 +07
"history_model" time elapsed: 00:00:01
----------------------------------------------------------

93/99 Testing: execution_engine_model
93/99 Test: execution_engine_model
Command: "/home/nguyenduccanh/shellmap_project/smoframework/build-test/tests/smo_test_execution_engine"
Directory: /home/nguyenduccanh/shellmap_project/smoframework/build-test/tests
"execution_engine_model" start time: Sep 26 21:59 +07
Output:
----------------------------------------------------------
SMO ExecutionEngine — Unit Tests
=================================

  TEST SubmitBasic                                        ... PASS
  TEST SubmitWithCustomId                                 ... PASS
  TEST SubmitDuplicateIdFails                             ... PASS
  TEST GetStatus                                          ... PASS
  TEST GetStatusNotFound                                  ... PASS
  TEST Cancel                                             ... PASS
  TEST CancelNotFound                                     ... PASS
  TEST GetResult                                          ... PASS
  TEST GetResultNotFound                                  ... PASS
  TEST ListActive                                         ... PASS
  TEST GetHistory                                         ... PASS
  TEST MaxConcurrent                                      ... PASS

ALL TESTS PASSED
<end of output>
Test time =   0.01 sec
----------------------------------------------------------
Test Passed.
"execution_engine_model" end time: Sep 26 21:59 +07
"execution_engine_model" time elapsed: 00:00:00
----------------------------------------------------------

94/99 Testing: scheduler_model
94/99 Test: scheduler_model
Command: "/home/nguyenduccanh/shellmap_project/smoframework/build-test/tests/smo_test_scheduler"
Directory: /home/nguyenduccanh/shellmap_project/smoframework/build-test/tests
"scheduler_model" start time: Sep 26 21:59 +07
Output:
----------------------------------------------------------
SMO Scheduler & RetryEngine — Unit Tests
==========================================

  TEST RetryEngineBasic                                   ... PASS
  TEST RetryEngineCustomPolicy                            ... PASS
  TEST RetryEngineCustomRetryable                         ... PASS
  TEST RetryEngineExecuteWithRetrySuccess                 ... PASS
  TEST RetryEngineExecuteWithRetryMaxExceeded             ... PASS
  TEST RetryEngineExecuteWithRetryNonRetryable            ... PASS
  TEST SchedulerSubmitBasic                               ... PASS
  TEST SchedulerSubmitWithCustomId                        ... PASS
  TEST SchedulerCancel                                    ... PASS
  TEST SchedulerCancelNotFound                            ... PASS
  TEST SchedulerStatus                                    ... PASS
  TEST SchedulerResult                                    ... PASS
  TEST SchedulerRegisterNode                              ... PASS
  TEST SchedulerUnregisterNode                            ... PASS
  TEST SchedulerListNodes                                 ... PASS
  TEST SchedulerUpdateNodeHealth                          ... PASS
  TEST SchedulerGetStats                                  ... PASS
  TEST SchedulerPriority                                  ... PASS
  TEST SchedulerMaxConcurrent                             ... PASS

ALL TESTS PASSED
<end of output>
Test time =   0.44 sec
----------------------------------------------------------
Test Passed.
"scheduler_model" end time: Sep 26 21:59 +07
"scheduler_model" time elapsed: 00:00:00
----------------------------------------------------------

95/99 Testing: contract_model
95/99 Test: contract_model
Command: "/home/nguyenduccanh/shellmap_project/smoframework/build-test/tests/smo_test_contract"
Directory: /home/nguyenduccanh/shellmap_project/smoframework/build-test/tests
"contract_model" start time: Sep 26 21:59 +07
Output:
----------------------------------------------------------
=== Contract Architecture Tests ===

[HashProvider]
  TEST Blake3 empty hash                                  ... PASS
  TEST Blake3 known input                                 ... PASS
  TEST Hex round-trip                                     ... PASS

[ContractID]
  TEST Compute from JSON                                  ... PASS
  TEST Deterministic hash                                 ... PASS
  TEST Different inputs differ                            ... PASS

[ContractDefinition]
  TEST Parse minimal                                      ... PASS
  TEST Serialize roundtrip                                ... PASS

[OpcodeRegistry]
  TEST Resolve LS                                         ... PASS
  TEST List all opcodes                                   ... PASS
  TEST Resolve by name                                    ... PASS
  TEST Unknown opcode                                     ... PASS

[Intent]
  TEST Contract hint present                              ... PASS
  TEST Contract hint empty                                ... PASS

=== ALL PASS ===
<end of output>
Test time =   0.01 sec
----------------------------------------------------------
Test Passed.
"contract_model" end time: Sep 26 21:59 +07
"contract_model" time elapsed: 00:00:00
----------------------------------------------------------

96/99 Testing: protocol_compliance
96/99 Test: protocol_compliance
Command: "/home/nguyenduccanh/shellmap_project/smoframework/build-test/tests/smo_pct"
Directory: /home/nguyenduccanh/shellmap_project/smoframework/build-test/tests
"protocol_compliance" start time: Sep 26 21:59 +07
Output:
----------------------------------------------------------
SMO Protocol Compliance Tests (PCT-001 to PCT-017)
===================================================

── §9.1  CBOR Encode/Decode ──────────────────────────────────
  TEST PCT-001  JoinRequest CBOR roundtrip                    ... PASS
  TEST PCT-002  JoinResponse CBOR roundtrip                   ... PASS
  TEST PCT-003  BootstrapSyncRequest CBOR roundtrip           ... PASS
  TEST PCT-004  BootstrapSyncResponse CBOR roundtrip          ... PASS

── §9.2  Join FSM ────────────────────────────────────────────
  TEST PCT-005  Join FSM full flow NEW → READY              ... PASS
  TEST PCT-006  Join FSM FAIL transitions                     ... PASS
  TEST PCT-007  Join FSM TIMEOUT transitions                  ... PASS
  TEST PCT-008  Join FSM persist + resume                     ... PASS

── §9.3  Bootstrap ───────────────────────────────────────────
  TEST PCT-009  BootstrapRequest/Response CBOR                ... PASS

── §9.4  Gossip ──────────────────────────────────────────────
  TEST PCT-010  GossipEngine basic operation                  ... PASS

── §9.5  Token & Certificate ─────────────────────────────────
  TEST PCT-011  JoinToken parse/validate                      ... PASS
  TEST PCT-012  Certificate encode/decode roundtrip           ... PASS

── §9.6  Replay & Time ───────────────────────────────────────
  TEST PCT-013  ReplayProtector nonce detection               ... PASS
  TEST PCT-014  Timestamp ±30s window                        ... PASS

── §9.7  Delta Sync ──────────────────────────────────────────
  TEST PCT-015  MembershipEvent serialization                 ... PASS
  TEST PCT-016  CRL serialize/deserialize roundtrip           ... PASS

── §9.8  Forward Compat ──────────────────────────────────────
  TEST PCT-017  CBOR map key forward compat                   ... PASS

── §9.9  Anti-Entropy ─────────────────────────────────────────
  TEST PCT-018  Anti-entropy Merkle + version vector          ... PASS

── §9.10 Gossip Readiness ─────────────────────────────────────
  TEST PCT-019  Gossip readiness + DEGRADED state             ... PASS

── §9.9  Policy Store ─────────────────────────────────────────
  TEST PCT-020  PolicyStore CRUD                              ... PASS

── §9.10 Nonce Dedup ───────────────────────────────────────────
  TEST PCT-021  JOIN_REQUEST nonce dedup                      ... PASS

── §9.11 Structured Logging ──────────────────────────────────────
  TEST PCT-022  Structured log format                         ... PASS

── §9.12 Fault Injection / Chaos ─────────────────────────────────
  TEST PCT-024  VersionVector partition + heal                ... PASS

── §9.13 STUN ──────────────────────────────────────────────────────
  TEST PCT-025  STUN binding request/response (RFC 5389)      ... PASS

── §9.14 NAT Traversal ────────────────────────────────────────────
  TEST PCT-026  UDP hole punch protocol (predictable port pairs) ... PASS

── §9.15 Relay Service (N3) ───────────────────────────────────────
  TEST PCT-027  RelayService (TURN-Lite) integration          ... PASS

── §9.16 Security ─────────────────────────────────────────────────
  TEST PCT-023  Join token signature verify (P0-S1)           ... PASS

── §9.17 ICE-Lite (N4) ────────────────────────────────────────────
  TEST PCT-028  ICE candidate gather + exchange + connectivity check ... PASS

── §9.18 Policy Engine ────────────────────────────────────────────
  TEST PCT-029  PolicyEngine evaluation with built-in presets ... PASS
  TEST PCT-030  PolicyMiddleware integration with PolicyEngine ... PASS
  TEST PCT-031  No anonymous bypass for 7 policy-covered contracts ... PASS

ALL 29 PCT TESTS PASSED
<end of output>
Test time =   0.06 sec
----------------------------------------------------------
Test Passed.
"protocol_compliance" end time: Sep 26 21:59 +07
"protocol_compliance" time elapsed: 00:00:00
----------------------------------------------------------

97/99 Testing: core
97/99 Test: core
Command: "/home/nguyenduccanh/shellmap_project/smoframework/build-test/tests/smo_stub_core"
Directory: /home/nguyenduccanh/shellmap_project/smoframework/build-test/tests
"core" start time: Sep 26 21:59 +07
Output:
----------------------------------------------------------
<end of output>
Test time =   0.00 sec
----------------------------------------------------------
Test Passed.
"core" end time: Sep 26 21:59 +07
"core" time elapsed: 00:00:00
----------------------------------------------------------

98/99 Testing: protocol
98/99 Test: protocol
Command: "/home/nguyenduccanh/shellmap_project/smoframework/build-test/tests/smo_stub_protocol"
Directory: /home/nguyenduccanh/shellmap_project/smoframework/build-test/tests
"protocol" start time: Sep 26 21:59 +07
Output:
----------------------------------------------------------
<end of output>
Test time =   0.01 sec
----------------------------------------------------------
Test Passed.
"protocol" end time: Sep 26 21:59 +07
"protocol" time elapsed: 00:00:00
----------------------------------------------------------

99/99 Testing: compiler
99/99 Test: compiler
Command: "/home/nguyenduccanh/shellmap_project/smoframework/build-test/tests/smo_stub_compiler"
Directory: /home/nguyenduccanh/shellmap_project/smoframework/build-test/tests
"compiler" start time: Sep 26 21:59 +07
Output:
----------------------------------------------------------
<end of output>
Test time =   0.01 sec
----------------------------------------------------------
Test Passed.
"compiler" end time: Sep 26 21:59 +07
"compiler" time elapsed: 00:00:00
----------------------------------------------------------

End testing: Sep 26 21:59 +07
